============================= test session starts ==============================
platform linux -- Python 3.12.3, pytest-8.3.5, pluggy-1.5.0
rootdir: /home/eraphaelparra/profit_scout_pipeline
configfile: pytest.ini
plugins: flask-1.3.0, cov-6.1.1, mock-3.14.0, asyncio-0.26.0
asyncio: mode=Mode.STRICT, asyncio_default_fixture_loop_scope=function, asyncio_default_test_loop_scope=function
collected 0 items / 1 error

==================================== ERRORS ====================================
________ ERROR collecting tests/unit/price_loader/test_price_loader.py _________
ImportError while importing test module '/home/eraphaelparra/profit_scout_pipeline/tests/unit/price_loader/test_price_loader.py'.
Hint: make sure your test modules/packages have valid Python names.
Traceback:
/usr/lib/python3.12/importlib/__init__.py:90: in import_module
    return _bootstrap._gcd_import(name[level:], package, level)
tests/unit/price_loader/test_price_loader.py:5: in <module>
    from services.price_loader.src.price_loader import get_tickers_from_metadata, process_price_data, update_prices_for_ticker
E   ImportError: cannot import name 'get_tickers_from_metadata' from 'services.price_loader.src.price_loader' (/home/eraphaelparra/profit_scout_pipeline/services/price_loader/src/price_loader.py)
=============================== warnings summary ===============================
services/price_loader/src/price_loader.py:74
  /home/eraphaelparra/profit_scout_pipeline/services/price_loader/src/price_loader.py:74: DeprecationWarning: websockets.WebSocketClientProtocol is deprecated
    async def connect_with_retry(url: str, api_key: str) -> websockets.WebSocketClientProtocol:

venv/lib/python3.12/site-packages/websockets/legacy/__init__.py:6
  /home/eraphaelparra/profit_scout_pipeline/venv/lib/python3.12/site-packages/websockets/legacy/__init__.py:6: DeprecationWarning: websockets.legacy is deprecated; see https://websockets.readthedocs.io/en/stable/howto/upgrade.html for upgrade instructions
    warnings.warn(  # deprecated in 14.0 - 2024-11-09

services/price_loader/src/price_loader.py:89
  /home/eraphaelparra/profit_scout_pipeline/services/price_loader/src/price_loader.py:89: DeprecationWarning: websockets.WebSocketClientProtocol is deprecated
    async def handle_message(message: str, websocket: websockets.WebSocketClientProtocol):

-- Docs: https://docs.pytest.org/en/stable/how-to/capture-warnings.html
=========================== short test summary info ============================
ERROR tests/unit/price_loader/test_price_loader.py
!!!!!!!!!!!!!!!!!!!! Interrupted: 1 error during collection !!!!!!!!!!!!!!!!!!!!
========================= 3 warnings, 1 error in 1.22s =========================
